{
  "stats": {
    "suites": 7,
    "tests": 18,
    "passes": 15,
    "pending": 0,
    "failures": 3,
    "start": "2022-10-18T04:20:37.325Z",
    "end": "2022-10-18T04:21:04.449Z",
    "duration": 27124,
    "testsRegistered": 18,
    "passPercent": 83.33333333333334,
    "pendingPercent": 0,
    "other": 0,
    "hasOther": false,
    "skipped": 0,
    "hasSkipped": false
  },
  "results": [
    {
      "uuid": "ee5b432a-128c-4dc9-9c10-dd04ea34a268",
      "title": "",
      "fullFile": "cypress/e2e/public.cy.js",
      "file": "cypress/e2e/public.cy.js",
      "beforeHooks": [],
      "afterHooks": [],
      "tests": [],
      "suites": [
        {
          "uuid": "dab04092-98fa-4c6e-bdd7-2ddf316690f5",
          "title": "Hack#1 Public Test",
          "fullFile": "",
          "file": "",
          "beforeHooks": [],
          "afterHooks": [],
          "tests": [],
          "suites": [
            {
              "uuid": "16e5270d-c58f-4dc2-8f8a-373238d81ca4",
              "title": "Problem 1",
              "fullFile": "",
              "file": "",
              "beforeHooks": [],
              "afterHooks": [],
              "tests": [
                {
                  "title": "1-1 Keyboard-container exists and the third row is correct",
                  "fullTitle": "Hack#1 Public Test Problem 1 1-1 Keyboard-container exists and the third row is correct",
                  "timedOut": null,
                  "duration": 378,
                  "state": "passed",
                  "speed": "fast",
                  "pass": true,
                  "fail": false,
                  "pending": false,
                  "context": null,
                  "code": "cy.get('.Keyboard-container').should('be.visible');",
                  "err": {},
                  "uuid": "dc54820c-6b4b-48e0-b064-57a9258ad644",
                  "parentUUID": "16e5270d-c58f-4dc2-8f8a-373238d81ca4",
                  "isHook": false,
                  "skipped": false
                },
                {
                  "title": "1-2-1 Keyboard-container first row correct",
                  "fullTitle": "Hack#1 Public Test Problem 1 1-2-1 Keyboard-container first row correct",
                  "timedOut": null,
                  "duration": 155,
                  "state": "passed",
                  "speed": "fast",
                  "pass": true,
                  "fail": false,
                  "pending": false,
                  "context": null,
                  "code": "const chars = 'q w e r t y u i o p'.split(' ');\ncy.get('.Keyboard-container > #KBrow_1').should('have.class', 'Keyboard-row').children().should('have.length', 10);\ncy.get('.Keyboard-container > #KBrow_1').children().each(($el, index) => {\n  cy.wrap($el).should('have.text', chars[index]).should('have.id', 'char_' + chars[index]);\n});",
                  "err": {},
                  "uuid": "8a7e0eb3-4cc3-4ce1-8ed0-c15aa373f1ef",
                  "parentUUID": "16e5270d-c58f-4dc2-8f8a-373238d81ca4",
                  "isHook": false,
                  "skipped": false
                },
                {
                  "title": "1-2-2 Keyboard-container second row correct",
                  "fullTitle": "Hack#1 Public Test Problem 1 1-2-2 Keyboard-container second row correct",
                  "timedOut": null,
                  "duration": 106,
                  "state": "passed",
                  "speed": "fast",
                  "pass": true,
                  "fail": false,
                  "pending": false,
                  "context": null,
                  "code": "const chars = 'a s d f g h j k l'.split(' ');\ncy.get('.Keyboard-container > #KBrow_2').should('have.class', 'Keyboard-row').children().should('have.length', 9);\ncy.get('.Keyboard-container > #KBrow_2').children().each(($el, index) => {\n  cy.wrap($el).should('have.text', chars[index]).should('have.id', 'char_' + chars[index]);\n});",
                  "err": {},
                  "uuid": "5898bd98-de04-4bb3-a92f-1c5574ea56fd",
                  "parentUUID": "16e5270d-c58f-4dc2-8f8a-373238d81ca4",
                  "isHook": false,
                  "skipped": false
                }
              ],
              "suites": [],
              "passes": [
                "dc54820c-6b4b-48e0-b064-57a9258ad644",
                "8a7e0eb3-4cc3-4ce1-8ed0-c15aa373f1ef",
                "5898bd98-de04-4bb3-a92f-1c5574ea56fd"
              ],
              "failures": [],
              "pending": [],
              "skipped": [],
              "duration": 639,
              "root": false,
              "rootEmpty": false,
              "_timeout": 2000
            },
            {
              "uuid": "b7ac094f-7810-4f71-8051-17001abf2403",
              "title": "Problem 2",
              "fullFile": "",
              "file": "",
              "beforeHooks": [],
              "afterHooks": [],
              "tests": [
                {
                  "title": "2-1 Board-container exists",
                  "fullTitle": "Hack#1 Public Test Problem 2 2-1 Board-container exists",
                  "timedOut": null,
                  "duration": 62,
                  "state": "passed",
                  "speed": "fast",
                  "pass": true,
                  "fail": false,
                  "pending": false,
                  "context": null,
                  "code": "cy.get('.Board-container').should('be.visible');",
                  "err": {},
                  "uuid": "fda5840c-9c2f-43bd-b0dd-ae339071347f",
                  "parentUUID": "b7ac094f-7810-4f71-8051-17001abf2403",
                  "isHook": false,
                  "skipped": false
                },
                {
                  "title": "2-2-1 There are six Row-containers",
                  "fullTitle": "Hack#1 Public Test Problem 2 2-2-1 There are six Row-containers",
                  "timedOut": null,
                  "duration": 61,
                  "state": "passed",
                  "speed": "fast",
                  "pass": true,
                  "fail": false,
                  "pending": false,
                  "context": null,
                  "code": "cy.get('.Board-container > .Row-container').should('have.length', 6);",
                  "err": {},
                  "uuid": "99780549-f878-4d99-8cb6-40f1be79f61c",
                  "parentUUID": "b7ac094f-7810-4f71-8051-17001abf2403",
                  "isHook": false,
                  "skipped": false
                },
                {
                  "title": "2-2-2 CurRow is at the first row",
                  "fullTitle": "Hack#1 Public Test Problem 2 2-2-2 CurRow is at the first row",
                  "timedOut": null,
                  "duration": 63,
                  "state": "passed",
                  "speed": "fast",
                  "pass": true,
                  "fail": false,
                  "pending": false,
                  "context": null,
                  "code": "cy.get('.Board-container > .Row-container').children().eq(0).should('have.class', 'current');",
                  "err": {},
                  "uuid": "907d079e-2484-4b32-b888-fee988874b7e",
                  "parentUUID": "b7ac094f-7810-4f71-8051-17001abf2403",
                  "isHook": false,
                  "skipped": false
                }
              ],
              "suites": [],
              "passes": [
                "fda5840c-9c2f-43bd-b0dd-ae339071347f",
                "99780549-f878-4d99-8cb6-40f1be79f61c",
                "907d079e-2484-4b32-b888-fee988874b7e"
              ],
              "failures": [],
              "pending": [],
              "skipped": [],
              "duration": 186,
              "root": false,
              "rootEmpty": false,
              "_timeout": 2000
            },
            {
              "uuid": "5be85c87-23ef-4e18-a56f-4048455400ba",
              "title": "Problem 3",
              "fullFile": "",
              "file": "",
              "beforeHooks": [],
              "afterHooks": [],
              "tests": [
                {
                  "title": "3-1 curGuess is rendered onto CurRow",
                  "fullTitle": "Hack#1 Public Test Problem 3 3-1 curGuess is rendered onto CurRow",
                  "timedOut": null,
                  "duration": 352,
                  "state": "passed",
                  "speed": "fast",
                  "pass": true,
                  "fail": false,
                  "pending": false,
                  "context": null,
                  "code": "cy.get('body').type('{a}');\ncy.get('.Row-wrapper.current').children().eq(0).should('have.text', 'a').and('have.id', '0-0');\ncy.get('body').type('{b}').type('{c}').type('{e}');\ncy.get('.Row-wrapper.current').children().eq(1).should('have.text', 'b').and('have.id', '0-1');\ncy.get('.Row-wrapper.current').children().eq(2).should('have.text', 'c').and('have.id', '0-2');\ncy.get('.Row-wrapper.current').children().eq(3).should('have.text', 'e').and('have.id', '0-3');",
                  "err": {},
                  "uuid": "cd9ebf5d-0d02-4b7b-be58-72a2fb401040",
                  "parentUUID": "5be85c87-23ef-4e18-a56f-4048455400ba",
                  "isHook": false,
                  "skipped": false
                },
                {
                  "title": "3-2 Type more than 5 letters",
                  "fullTitle": "Hack#1 Public Test Problem 3 3-2 Type more than 5 letters",
                  "timedOut": null,
                  "duration": 480,
                  "state": "passed",
                  "speed": "fast",
                  "pass": true,
                  "fail": false,
                  "pending": false,
                  "context": null,
                  "code": "const test = ['a', 'b', 'c', 'd', 'e', 'f'];\nfor (let i = 0; i < test.length; i += 1) {\n  cy.get('body').type(`{${test[i]}}`);\n}\ncy.get('.Row-wrapper.current').children().each(($el, index) => {\n  cy.wrap($el).should('have.text', test[index]).and('have.id', '0-' + index);\n});",
                  "err": {},
                  "uuid": "abc15bfd-a3c0-4f78-a562-fce20490684c",
                  "parentUUID": "5be85c87-23ef-4e18-a56f-4048455400ba",
                  "isHook": false,
                  "skipped": false
                },
                {
                  "title": "3-3 Backspace is working",
                  "fullTitle": "Hack#1 Public Test Problem 3 3-3 Backspace is working",
                  "timedOut": null,
                  "duration": 529,
                  "state": "passed",
                  "speed": "fast",
                  "pass": true,
                  "fail": false,
                  "pending": false,
                  "context": null,
                  "code": "const test = ['z', 'x', 'c', 'v', 'backspace', 'b', 'n'];\nconst ans = ['z', 'x', 'c', 'b', 'n'];\nfor (let i = 0; i < test.length; i += 1) {\n  cy.get('body').type(`{${test[i]}}`);\n}\ncy.get('.Row-wrapper.current').children().each(($el, index) => {\n  cy.wrap($el).should('have.text', ans[index]);\n});",
                  "err": {},
                  "uuid": "7f0970ba-9c3a-45ac-baa1-3945f1c7f76e",
                  "parentUUID": "5be85c87-23ef-4e18-a56f-4048455400ba",
                  "isHook": false,
                  "skipped": false
                },
                {
                  "title": "3-4 Filled wordboxes should have class filled",
                  "fullTitle": "Hack#1 Public Test Problem 3 3-4 Filled wordboxes should have class filled",
                  "timedOut": null,
                  "duration": 230,
                  "state": "passed",
                  "speed": "fast",
                  "pass": true,
                  "fail": false,
                  "pending": false,
                  "context": null,
                  "code": "cy.get('.Row-wrapper.current').children().each(($el, index) => {\n  cy.wrap($el).not('have.class', 'filled');\n});\ncy.get('body').type('{z}').type('{x}');\ncy.get('.Row-wrapper.current').children().each(($el, index) => {\n  if (index < 2) {\n    if (index == 0) cy.wrap($el).should('have.text', 'z').and('have.class', 'filled');else if (index == 1) cy.wrap($el).should('have.text', 'x').and('have.class', 'filled');\n  } else {\n    cy.wrap($el).not('have.class', 'filled');\n    cy.wrap($el).should('have.text', '');\n  }\n});",
                  "err": {},
                  "uuid": "9df831f1-50f4-48a2-b061-855e6e2bbb9f",
                  "parentUUID": "5be85c87-23ef-4e18-a56f-4048455400ba",
                  "isHook": false,
                  "skipped": false
                }
              ],
              "suites": [],
              "passes": [
                "cd9ebf5d-0d02-4b7b-be58-72a2fb401040",
                "abc15bfd-a3c0-4f78-a562-fce20490684c",
                "7f0970ba-9c3a-45ac-baa1-3945f1c7f76e",
                "9df831f1-50f4-48a2-b061-855e6e2bbb9f"
              ],
              "failures": [],
              "pending": [],
              "skipped": [],
              "duration": 1591,
              "root": false,
              "rootEmpty": false,
              "_timeout": 2000
            },
            {
              "uuid": "5e14aa2f-db00-4463-976e-fe74e08dd1ed",
              "title": "Problem 4",
              "fullFile": "",
              "file": "",
              "beforeHooks": [],
              "afterHooks": [],
              "tests": [
                {
                  "title": "4-1 CurRow change after pressing enter",
                  "fullTitle": "Hack#1 Public Test Problem 4 4-1 CurRow change after pressing enter",
                  "timedOut": null,
                  "duration": 474,
                  "state": "passed",
                  "speed": "fast",
                  "pass": true,
                  "fail": false,
                  "pending": false,
                  "context": null,
                  "code": "const test = ['a', 'b', 'c', 'd', 'e', 'enter'];\nfor (let i = 0; i < test.length; i += 1) {\n  cy.get('body').type(`{${test[i]}}`);\n}\ncy.get('.Board-container').children().eq(0).get('.Row-wrapper').not('have.class', 'current');\ncy.get('.Board-container').children().eq(1).get('.Row-wrapper').should('have.class', 'current');",
                  "err": {},
                  "uuid": "ba185afc-7812-486f-b45c-42b880784b04",
                  "parentUUID": "5e14aa2f-db00-4463-976e-fe74e08dd1ed",
                  "isHook": false,
                  "skipped": false
                },
                {
                  "title": "4-2 Green rendered correctly (only one line)",
                  "fullTitle": "Hack#1 Public Test Problem 4 4-2 Green rendered correctly (only one line)",
                  "timedOut": null,
                  "duration": 4464,
                  "state": "failed",
                  "speed": null,
                  "pass": false,
                  "fail": true,
                  "pending": false,
                  "context": null,
                  "code": "const test = ['m', 'a', 'n', 'a', 's', 'enter'];\nconst answer = ['green', 'grey', 'green', 'grey', 'green'];\nfor (let i = 0; i < test.length; i += 1) {\n  cy.get('body').type(`{${test[i]}}`);\n}\ncy.get('.Board-container > .Row-container > .Row-wrapper').eq(0).children().each(($el, index) => {\n  cy.wrap($el).should('have.class', answer[index]).and('have.text', test[index]);\n});",
                  "err": {
                    "message": "AssertionError: Timed out retrying after 4000ms: expected '<div#1-0.Row-wordbox.>' to have class 'green'",
                    "estack": "AssertionError: Timed out retrying after 4000ms: expected '<div#1-0.Row-wordbox.>' to have class 'green'\n    at Context.eval (webpack:///./cypress/e2e/public.cy.js:147:29)",
                    "diff": null
                  },
                  "uuid": "46034192-a825-4b90-98ef-2b688ab05e77",
                  "parentUUID": "5e14aa2f-db00-4463-976e-fe74e08dd1ed",
                  "isHook": false,
                  "skipped": false
                },
                {
                  "title": "4-3 Green and yellow rendered correctly (only one line)",
                  "fullTitle": "Hack#1 Public Test Problem 4 4-3 Green and yellow rendered correctly (only one line)",
                  "timedOut": null,
                  "duration": 4488,
                  "state": "failed",
                  "speed": null,
                  "pass": false,
                  "fail": true,
                  "pending": false,
                  "context": null,
                  "code": "const test = ['a', 'i', 'u', 'b', 'm', 'enter'];\nconst answer = ['grey', 'green', 'yellow', 'grey', 'yellow'];\nfor (let i = 0; i < test.length; i += 1) {\n  cy.get('body').type(`{${test[i]}}`);\n}\ncy.get('.Board-container > .Row-container > .Row-wrapper').eq(0).children().each(($el, index) => {\n  cy.wrap($el).should('have.class', answer[index]).and('have.text', test[index]);\n});",
                  "err": {
                    "message": "AssertionError: Timed out retrying after 4000ms: expected '<div#1-0.Row-wordbox.>' to have class 'grey'",
                    "estack": "AssertionError: Timed out retrying after 4000ms: expected '<div#1-0.Row-wordbox.>' to have class 'grey'\n    at Context.eval (webpack:///./cypress/e2e/public.cy.js:159:29)",
                    "diff": null
                  },
                  "uuid": "63afa044-c82a-4c1a-ab6d-8940fef2587a",
                  "parentUUID": "5e14aa2f-db00-4463-976e-fe74e08dd1ed",
                  "isHook": false,
                  "skipped": false
                },
                {
                  "title": "4-4 Multiple Lines Test",
                  "fullTitle": "Hack#1 Public Test Problem 4 4-4 Multiple Lines Test",
                  "timedOut": null,
                  "duration": 6063,
                  "state": "failed",
                  "speed": null,
                  "pass": false,
                  "fail": true,
                  "pending": false,
                  "context": null,
                  "code": "const tests = [['z', 'x', 'c', 'v', 'b', 'enter'], ['m', 'a', 'b', 'c', 'u', 'enter'], ['b', 'a', 'n', 'f', 's', 'enter'], ['m', 'u', 'n', 'a', 's', 'enter'], ['m', 'i', 'n', 'u', 's', 'enter']];\nconst answers = [['grey', 'grey', 'grey', 'grey', 'grey'], ['green', 'grey', 'grey', 'grey', 'yellow'], ['grey', 'grey', 'green', 'grey', 'green'], ['green', 'yellow', 'green', 'grey', 'green'], ['green', 'green', 'green', 'green', 'green']];\nfor (let line = 0; line < tests.length; line += 1) {\n  for (let i = 0; i < tests[0].length; i += 1) {\n    cy.get('body').type(`{${tests[line][i]}}`);\n  }\n}\ncy.get('.Board-container').children().each(($el, line) => {\n  if (line < answers.length) {\n    cy.wrap($el).children().eq(0).children().each(($el, i) => {\n      cy.wrap($el).should('have.text', tests[line][i]).should('have.class', answers[line][i]).should('have.id', line + '-' + i);\n    });\n  }\n});",
                  "err": {
                    "message": "AssertionError: Timed out retrying after 4000ms: expected '<div.Row-wrapper>' to have text 'z', but the text was 'zxcvb'",
                    "estack": "AssertionError: Timed out retrying after 4000ms: expected '<div.Row-wrapper>' to have text 'z', but the text was 'zxcvb'\n    at Context.eval (webpack:///./cypress/e2e/public.cy.js:191:25)",
                    "diff": "- 'zxcvb'\n+ 'z'\n"
                  },
                  "uuid": "787c35bd-7af4-4b07-ba70-80b12f1bced4",
                  "parentUUID": "5e14aa2f-db00-4463-976e-fe74e08dd1ed",
                  "isHook": false,
                  "skipped": false
                }
              ],
              "suites": [],
              "passes": [
                "ba185afc-7812-486f-b45c-42b880784b04"
              ],
              "failures": [
                "46034192-a825-4b90-98ef-2b688ab05e77",
                "63afa044-c82a-4c1a-ab6d-8940fef2587a",
                "787c35bd-7af4-4b07-ba70-80b12f1bced4"
              ],
              "pending": [],
              "skipped": [],
              "duration": 15489,
              "root": false,
              "rootEmpty": false,
              "_timeout": 2000
            },
            {
              "uuid": "0f46bbef-1bd8-49ba-9939-b447f3738c5f",
              "title": "Problem 5",
              "fullFile": "",
              "file": "",
              "beforeHooks": [],
              "afterHooks": [],
              "tests": [
                {
                  "title": "5-1 Render green correctly",
                  "fullTitle": "Hack#1 Public Test Problem 5 5-1 Render green correctly",
                  "timedOut": null,
                  "duration": 514,
                  "state": "passed",
                  "speed": "fast",
                  "pass": true,
                  "fail": false,
                  "pending": false,
                  "context": null,
                  "code": "const test = ['m', 'a', 'n', 'b', 'c', 'enter'];\nfor (let i = 0; i < test.length; i += 1) {\n  cy.get('body').type(`{${test[i]}}`);\n}\ncy.get('.Keyboard-container > .Keyboard-row > #char_n').should('have.class', 'green').and('have.text', 'n');\ncy.get('.Keyboard-container > .Keyboard-row > #char_m').should('have.class', 'green').and('have.text', 'm');\ncy.get('.Keyboard-container > .Keyboard-row > #char_a').should('have.text', 'a').not('have.class', 'green').not('have.class', 'yellow');\ncy.get('.Keyboard-container > .Keyboard-row > #char_b').should('have.text', 'b').not('have.class', 'green').not('have.class', 'yellow');\ncy.get('.Keyboard-container > .Keyboard-row > #char_c').should('have.text', 'c').not('have.class', 'green').not('have.class', 'yellow');",
                  "err": {},
                  "uuid": "49052b9e-d8a8-4c39-8bfe-911e6f451a15",
                  "parentUUID": "0f46bbef-1bd8-49ba-9939-b447f3738c5f",
                  "isHook": false,
                  "skipped": false
                },
                {
                  "title": "5-2 Multiple Lines",
                  "fullTitle": "Hack#1 Public Test Problem 5 5-2 Multiple Lines",
                  "timedOut": null,
                  "duration": 3071,
                  "state": "passed",
                  "speed": "fast",
                  "pass": true,
                  "fail": false,
                  "pending": false,
                  "context": null,
                  "code": "const tests = [['a', 'b', 'c', 'e', 'f', 'enter'], ['n', 'b', 'c', 'e', 'f', 'enter'], ['m', 'n', 'c', 'e', 'f', 'enter'], ['m', 'u', 'n', 'e', 'f', 'enter'], ['m', 'u', 'n', 's', 'i', 'enter'], ['a', 'b', 'c', 'e', 'f', 'enter']]; // key match with \"w i n d y\"\nconst key_match = [['', '', '', '', ''], ['', '', 'yellow', '', ''], ['green', '', 'yellow', '', ''], ['green', '', 'green', 'yellow', ''], ['green', 'yellow', 'green', 'yellow', 'yellow'], ['green', 'yellow', 'green', 'yellow', 'yellow']];\nfor (let line = 0; line < tests.length; line += 1) {\n  for (let i = 0; i < tests[0].length; i += 1) {\n    cy.get('body').type(`{${tests[line][i]}}`);\n  }\n  for (let i = 0; i < KBrow_1.length; i++) {\n    if (!solList.includes(KBrow_1[i])) {\n      cy.get('.Keyboard-container > #KBrow_1 > #char_' + KBrow_1[i]).should('have.text', KBrow_1[i]).not('have.class', 'green').not('have.class', 'yellow');\n    } else {\n      if (key_match[line][solList.indexOf(KBrow_1[i])]) {\n        cy.get('.Keyboard-container > #KBrow_1 > #char_' + KBrow_1[i]).should('have.text', KBrow_1[i]).and('have.class', key_match[line][solList.indexOf(KBrow_1[i])]);\n      } else {\n        cy.get('.Keyboard-container > #KBrow_1 > #char_' + KBrow_1[i]).should('have.text', KBrow_1[i]).not('have.class', 'green').not('have.class', 'yellow');\n      }\n    }\n  }\n  for (let i = 0; i < KBrow_2.length; i++) {\n    if (!solList.includes(KBrow_2[i])) {\n      cy.get('.Keyboard-container > #KBrow_2 > #char_' + KBrow_2[i]).should('have.text', KBrow_2[i]).not('have.class', 'green').not('have.class', 'yellow');\n    } else {\n      if (key_match[line][solList.indexOf(KBrow_2[i])]) {\n        cy.get('.Keyboard-container > #KBrow_2 > #char_' + KBrow_2[i]).should('have.text', KBrow_2[i]).and('have.class', key_match[line][solList.indexOf(KBrow_2[i])]);\n      } else {\n        cy.get('.Keyboard-container > #KBrow_2 > #char_' + KBrow_2[i]).should('have.text', KBrow_2[i]).not('have.class', 'green').not('have.class', 'yellow');\n      }\n    }\n  }\n  for (let i = 0; i < KBrow_3.length; i++) {\n    if (!solList.includes(KBrow_3[i])) {\n      cy.get('.Keyboard-container > #KBrow_3 > #char_' + KBrow_3[i]).should('have.text', KBrow_3[i]).not('have.class', 'green').not('have.class', 'yellow');\n    } else {\n      if (key_match[line][solList.indexOf(KBrow_3[i])]) {\n        cy.get('.Keyboard-container > #KBrow_3 > #char_' + KBrow_3[i]).should('have.text', KBrow_3[i]).and('have.class', key_match[line][solList.indexOf(KBrow_3[i])]);\n      } else {\n        cy.get('.Keyboard-container > #KBrow_3 > #char_' + KBrow_3[i]).should('have.text', KBrow_3[i]).not('have.class', 'green').not('have.class', 'yellow');\n      }\n    }\n  }\n}",
                  "err": {},
                  "uuid": "fdf14417-d9fd-4fbd-8f5f-29b36ebec5d0",
                  "parentUUID": "0f46bbef-1bd8-49ba-9939-b447f3738c5f",
                  "isHook": false,
                  "skipped": false
                }
              ],
              "suites": [],
              "passes": [
                "49052b9e-d8a8-4c39-8bfe-911e6f451a15",
                "fdf14417-d9fd-4fbd-8f5f-29b36ebec5d0"
              ],
              "failures": [],
              "pending": [],
              "skipped": [],
              "duration": 3585,
              "root": false,
              "rootEmpty": false,
              "_timeout": 2000
            },
            {
              "uuid": "0dab0478-f219-4791-8fbb-d5da652a3bd2",
              "title": "Problem 6",
              "fullFile": "",
              "file": "",
              "beforeHooks": [],
              "afterHooks": [],
              "tests": [
                {
                  "title": "6-1 Show winning info",
                  "fullTitle": "Hack#1 Public Test Problem 6 6-1 Show winning info",
                  "timedOut": null,
                  "duration": 2028,
                  "state": "passed",
                  "speed": "fast",
                  "pass": true,
                  "fail": false,
                  "pending": false,
                  "context": null,
                  "code": "const tests = [['a', 'b', 'c', 'e', 'f', 'enter'], ['n', 'b', 'c', 'e', 'f', 'enter'], ['m', 'n', 'c', 'e', 'f', 'enter'], ['m', 'u', 'n', 's', 'i', 'enter'], ['m', 'i', 'n', 'u', 's', 'enter']];\nfor (let line = 0; line < tests.length; line += 1) {\n  for (let i = 0; i < tests[0].length; i += 1) {\n    cy.get('body').type(`{${tests[line][i]}}`);\n  }\n  if (line != tests.length - 1) {\n    cy.get('.Wordle-lose').should('have.class', 'Hidden');\n  }\n}\ncy.get('.Wordle-win').should('have.text', 'You win!!!!');",
                  "err": {},
                  "uuid": "7f56b066-a4b9-4c41-8c7a-9a917f399473",
                  "parentUUID": "0dab0478-f219-4791-8fbb-d5da652a3bd2",
                  "isHook": false,
                  "skipped": false
                },
                {
                  "title": "6-2 Show losing info",
                  "fullTitle": "Hack#1 Public Test Problem 6 6-2 Show losing info",
                  "timedOut": null,
                  "duration": 2437,
                  "state": "passed",
                  "speed": "fast",
                  "pass": true,
                  "fail": false,
                  "pending": false,
                  "context": null,
                  "code": "const tests = [['a', 'b', 'c', 'e', 'f', 'enter'], ['n', 'b', 'c', 'e', 'f', 'enter'], ['m', 'n', 'c', 'e', 'f', 'enter'], ['m', 'u', 'n', 'e', 'f', 'enter'], ['m', 'u', 'n', 's', 'i', 'enter'], ['a', 'b', 'c', 'e', 'f', 'enter']];\nfor (let line = 0; line < tests.length; line += 1) {\n  for (let i = 0; i < tests[0].length; i += 1) {\n    cy.get('body').type(`{${tests[line][i]}}`);\n  }\n  if (line != tests.length - 1) {\n    cy.get('.Wordle-lose').should('have.class', 'Hidden');\n  }\n}\ncy.get('.Wordle-lose').not('have.class', 'Hidden').should('have.text', 'You lose!!!! The answer is ' + solution + '.');",
                  "err": {},
                  "uuid": "1e6d2d2d-5eb4-495b-820c-d50e886cb37a",
                  "parentUUID": "0dab0478-f219-4791-8fbb-d5da652a3bd2",
                  "isHook": false,
                  "skipped": false
                }
              ],
              "suites": [],
              "passes": [
                "7f56b066-a4b9-4c41-8c7a-9a917f399473",
                "1e6d2d2d-5eb4-495b-820c-d50e886cb37a"
              ],
              "failures": [],
              "pending": [],
              "skipped": [],
              "duration": 4465,
              "root": false,
              "rootEmpty": false,
              "_timeout": 2000
            }
          ],
          "passes": [],
          "failures": [],
          "pending": [],
          "skipped": [],
          "duration": 0,
          "root": false,
          "rootEmpty": false,
          "_timeout": 2000
        }
      ],
      "passes": [],
      "failures": [],
      "pending": [],
      "skipped": [],
      "duration": 0,
      "root": true,
      "rootEmpty": true,
      "_timeout": 2000
    }
  ],
  "meta": {
    "mocha": {
      "version": "7.0.1"
    },
    "mochawesome": {
      "options": {
        "quiet": false,
        "reportFilename": "mochawesome",
        "saveHtml": true,
        "saveJson": true,
        "consoleReporter": "spec",
        "useInlineDiffs": false,
        "code": true
      },
      "version": "7.1.3"
    },
    "marge": {
      "options": {
        "id": "default",
        "reportDir": "cypress/results",
        "overwrite": true,
        "html": true,
        "json": true
      },
      "version": "6.2.0"
    }
  }
}