{
  "stats": {
    "suites": 7,
    "tests": 18,
    "passes": 15,
    "pending": 0,
    "failures": 3,
    "start": "2022-10-18T04:25:31.263Z",
    "end": "2022-10-18T04:25:58.577Z",
    "duration": 27314,
    "testsRegistered": 18,
    "passPercent": 83.33333333333334,
    "pendingPercent": 0,
    "other": 0,
    "hasOther": false,
    "skipped": 0,
    "hasSkipped": false
  },
  "results": [
    {
      "uuid": "b8cace46-708d-4799-a1cd-8f9ef662e569",
      "title": "",
      "fullFile": "cypress/e2e/public.cy.js",
      "file": "cypress/e2e/public.cy.js",
      "beforeHooks": [],
      "afterHooks": [],
      "tests": [],
      "suites": [
        {
          "uuid": "26007ced-c7e2-45b2-8c37-72f4449b1d04",
          "title": "Hack#1 Public Test",
          "fullFile": "",
          "file": "",
          "beforeHooks": [],
          "afterHooks": [],
          "tests": [],
          "suites": [
            {
              "uuid": "e2be87da-25f2-4aba-8363-e358fa58ddca",
              "title": "Problem 1",
              "fullFile": "",
              "file": "",
              "beforeHooks": [],
              "afterHooks": [],
              "tests": [
                {
                  "title": "1-1 Keyboard-container exists and the third row is correct",
                  "fullTitle": "Hack#1 Public Test Problem 1 1-1 Keyboard-container exists and the third row is correct",
                  "timedOut": null,
                  "duration": 369,
                  "state": "passed",
                  "speed": "fast",
                  "pass": true,
                  "fail": false,
                  "pending": false,
                  "context": null,
                  "code": "cy.get('.Keyboard-container').should('be.visible');",
                  "err": {},
                  "uuid": "cfd2e6b9-da36-4ef0-ad4d-973435a88634",
                  "parentUUID": "e2be87da-25f2-4aba-8363-e358fa58ddca",
                  "isHook": false,
                  "skipped": false
                },
                {
                  "title": "1-2-1 Keyboard-container first row correct",
                  "fullTitle": "Hack#1 Public Test Problem 1 1-2-1 Keyboard-container first row correct",
                  "timedOut": null,
                  "duration": 150,
                  "state": "passed",
                  "speed": "fast",
                  "pass": true,
                  "fail": false,
                  "pending": false,
                  "context": null,
                  "code": "const chars = 'q w e r t y u i o p'.split(' ');\ncy.get('.Keyboard-container > #KBrow_1').should('have.class', 'Keyboard-row').children().should('have.length', 10);\ncy.get('.Keyboard-container > #KBrow_1').children().each(($el, index) => {\n  cy.wrap($el).should('have.text', chars[index]).should('have.id', 'char_' + chars[index]);\n});",
                  "err": {},
                  "uuid": "4eaa840f-091b-4bfe-a61b-c6b3301981f0",
                  "parentUUID": "e2be87da-25f2-4aba-8363-e358fa58ddca",
                  "isHook": false,
                  "skipped": false
                },
                {
                  "title": "1-2-2 Keyboard-container second row correct",
                  "fullTitle": "Hack#1 Public Test Problem 1 1-2-2 Keyboard-container second row correct",
                  "timedOut": null,
                  "duration": 111,
                  "state": "passed",
                  "speed": "fast",
                  "pass": true,
                  "fail": false,
                  "pending": false,
                  "context": null,
                  "code": "const chars = 'a s d f g h j k l'.split(' ');\ncy.get('.Keyboard-container > #KBrow_2').should('have.class', 'Keyboard-row').children().should('have.length', 9);\ncy.get('.Keyboard-container > #KBrow_2').children().each(($el, index) => {\n  cy.wrap($el).should('have.text', chars[index]).should('have.id', 'char_' + chars[index]);\n});",
                  "err": {},
                  "uuid": "9ef29f09-9ea0-4cda-8e69-808788f8ff0d",
                  "parentUUID": "e2be87da-25f2-4aba-8363-e358fa58ddca",
                  "isHook": false,
                  "skipped": false
                }
              ],
              "suites": [],
              "passes": [
                "cfd2e6b9-da36-4ef0-ad4d-973435a88634",
                "4eaa840f-091b-4bfe-a61b-c6b3301981f0",
                "9ef29f09-9ea0-4cda-8e69-808788f8ff0d"
              ],
              "failures": [],
              "pending": [],
              "skipped": [],
              "duration": 630,
              "root": false,
              "rootEmpty": false,
              "_timeout": 2000
            },
            {
              "uuid": "44815807-f9c2-4caa-bdfd-ff456e76db0e",
              "title": "Problem 2",
              "fullFile": "",
              "file": "",
              "beforeHooks": [],
              "afterHooks": [],
              "tests": [
                {
                  "title": "2-1 Board-container exists",
                  "fullTitle": "Hack#1 Public Test Problem 2 2-1 Board-container exists",
                  "timedOut": null,
                  "duration": 61,
                  "state": "passed",
                  "speed": "fast",
                  "pass": true,
                  "fail": false,
                  "pending": false,
                  "context": null,
                  "code": "cy.get('.Board-container').should('be.visible');",
                  "err": {},
                  "uuid": "ac0a9ac2-74ba-4a6c-aba1-2a4a8ab10d06",
                  "parentUUID": "44815807-f9c2-4caa-bdfd-ff456e76db0e",
                  "isHook": false,
                  "skipped": false
                },
                {
                  "title": "2-2-1 There are six Row-containers",
                  "fullTitle": "Hack#1 Public Test Problem 2 2-2-1 There are six Row-containers",
                  "timedOut": null,
                  "duration": 61,
                  "state": "passed",
                  "speed": "fast",
                  "pass": true,
                  "fail": false,
                  "pending": false,
                  "context": null,
                  "code": "cy.get('.Board-container > .Row-container').should('have.length', 6);",
                  "err": {},
                  "uuid": "923f60ab-d835-4382-8698-6922b0a7f431",
                  "parentUUID": "44815807-f9c2-4caa-bdfd-ff456e76db0e",
                  "isHook": false,
                  "skipped": false
                },
                {
                  "title": "2-2-2 CurRow is at the first row",
                  "fullTitle": "Hack#1 Public Test Problem 2 2-2-2 CurRow is at the first row",
                  "timedOut": null,
                  "duration": 61,
                  "state": "passed",
                  "speed": "fast",
                  "pass": true,
                  "fail": false,
                  "pending": false,
                  "context": null,
                  "code": "cy.get('.Board-container > .Row-container').children().eq(0).should('have.class', 'current');",
                  "err": {},
                  "uuid": "7cedc422-3202-4626-a5ed-b43fbf2de0a4",
                  "parentUUID": "44815807-f9c2-4caa-bdfd-ff456e76db0e",
                  "isHook": false,
                  "skipped": false
                }
              ],
              "suites": [],
              "passes": [
                "ac0a9ac2-74ba-4a6c-aba1-2a4a8ab10d06",
                "923f60ab-d835-4382-8698-6922b0a7f431",
                "7cedc422-3202-4626-a5ed-b43fbf2de0a4"
              ],
              "failures": [],
              "pending": [],
              "skipped": [],
              "duration": 183,
              "root": false,
              "rootEmpty": false,
              "_timeout": 2000
            },
            {
              "uuid": "c0b5f421-66df-40c8-8311-48d6420874e8",
              "title": "Problem 3",
              "fullFile": "",
              "file": "",
              "beforeHooks": [],
              "afterHooks": [],
              "tests": [
                {
                  "title": "3-1 curGuess is rendered onto CurRow",
                  "fullTitle": "Hack#1 Public Test Problem 3 3-1 curGuess is rendered onto CurRow",
                  "timedOut": null,
                  "duration": 357,
                  "state": "passed",
                  "speed": "fast",
                  "pass": true,
                  "fail": false,
                  "pending": false,
                  "context": null,
                  "code": "cy.get('body').type('{a}');\ncy.get('.Row-wrapper.current').children().eq(0).should('have.text', 'a').and('have.id', '0-0');\ncy.get('body').type('{b}').type('{c}').type('{e}');\ncy.get('.Row-wrapper.current').children().eq(1).should('have.text', 'b').and('have.id', '0-1');\ncy.get('.Row-wrapper.current').children().eq(2).should('have.text', 'c').and('have.id', '0-2');\ncy.get('.Row-wrapper.current').children().eq(3).should('have.text', 'e').and('have.id', '0-3');",
                  "err": {},
                  "uuid": "bcc33c5c-14ca-450e-8c60-eda9f765a5ff",
                  "parentUUID": "c0b5f421-66df-40c8-8311-48d6420874e8",
                  "isHook": false,
                  "skipped": false
                },
                {
                  "title": "3-2 Type more than 5 letters",
                  "fullTitle": "Hack#1 Public Test Problem 3 3-2 Type more than 5 letters",
                  "timedOut": null,
                  "duration": 474,
                  "state": "passed",
                  "speed": "fast",
                  "pass": true,
                  "fail": false,
                  "pending": false,
                  "context": null,
                  "code": "const test = ['a', 'b', 'c', 'd', 'e', 'f'];\nfor (let i = 0; i < test.length; i += 1) {\n  cy.get('body').type(`{${test[i]}}`);\n}\ncy.get('.Row-wrapper.current').children().each(($el, index) => {\n  cy.wrap($el).should('have.text', test[index]).and('have.id', '0-' + index);\n});",
                  "err": {},
                  "uuid": "e612663b-e8fb-4d0c-9213-5056b3f36d89",
                  "parentUUID": "c0b5f421-66df-40c8-8311-48d6420874e8",
                  "isHook": false,
                  "skipped": false
                },
                {
                  "title": "3-3 Backspace is working",
                  "fullTitle": "Hack#1 Public Test Problem 3 3-3 Backspace is working",
                  "timedOut": null,
                  "duration": 535,
                  "state": "passed",
                  "speed": "fast",
                  "pass": true,
                  "fail": false,
                  "pending": false,
                  "context": null,
                  "code": "const test = ['z', 'x', 'c', 'v', 'backspace', 'b', 'n'];\nconst ans = ['z', 'x', 'c', 'b', 'n'];\nfor (let i = 0; i < test.length; i += 1) {\n  cy.get('body').type(`{${test[i]}}`);\n}\ncy.get('.Row-wrapper.current').children().each(($el, index) => {\n  cy.wrap($el).should('have.text', ans[index]);\n});",
                  "err": {},
                  "uuid": "50bf8f60-8f19-4ef4-af50-1c70f6b32ead",
                  "parentUUID": "c0b5f421-66df-40c8-8311-48d6420874e8",
                  "isHook": false,
                  "skipped": false
                },
                {
                  "title": "3-4 Filled wordboxes should have class filled",
                  "fullTitle": "Hack#1 Public Test Problem 3 3-4 Filled wordboxes should have class filled",
                  "timedOut": null,
                  "duration": 221,
                  "state": "passed",
                  "speed": "fast",
                  "pass": true,
                  "fail": false,
                  "pending": false,
                  "context": null,
                  "code": "cy.get('.Row-wrapper.current').children().each(($el, index) => {\n  cy.wrap($el).not('have.class', 'filled');\n});\ncy.get('body').type('{z}').type('{x}');\ncy.get('.Row-wrapper.current').children().each(($el, index) => {\n  if (index < 2) {\n    if (index == 0) cy.wrap($el).should('have.text', 'z').and('have.class', 'filled');else if (index == 1) cy.wrap($el).should('have.text', 'x').and('have.class', 'filled');\n  } else {\n    cy.wrap($el).not('have.class', 'filled');\n    cy.wrap($el).should('have.text', '');\n  }\n});",
                  "err": {},
                  "uuid": "6932f1dd-8232-4acd-9242-99c1a8a599de",
                  "parentUUID": "c0b5f421-66df-40c8-8311-48d6420874e8",
                  "isHook": false,
                  "skipped": false
                }
              ],
              "suites": [],
              "passes": [
                "bcc33c5c-14ca-450e-8c60-eda9f765a5ff",
                "e612663b-e8fb-4d0c-9213-5056b3f36d89",
                "50bf8f60-8f19-4ef4-af50-1c70f6b32ead",
                "6932f1dd-8232-4acd-9242-99c1a8a599de"
              ],
              "failures": [],
              "pending": [],
              "skipped": [],
              "duration": 1587,
              "root": false,
              "rootEmpty": false,
              "_timeout": 2000
            },
            {
              "uuid": "da573ca0-beb0-4683-9492-f6d3a46a9b3b",
              "title": "Problem 4",
              "fullFile": "",
              "file": "",
              "beforeHooks": [],
              "afterHooks": [],
              "tests": [
                {
                  "title": "4-1 CurRow change after pressing enter",
                  "fullTitle": "Hack#1 Public Test Problem 4 4-1 CurRow change after pressing enter",
                  "timedOut": null,
                  "duration": 476,
                  "state": "passed",
                  "speed": "fast",
                  "pass": true,
                  "fail": false,
                  "pending": false,
                  "context": null,
                  "code": "const test = ['a', 'b', 'c', 'd', 'e', 'enter'];\nfor (let i = 0; i < test.length; i += 1) {\n  cy.get('body').type(`{${test[i]}}`);\n}\ncy.get('.Board-container').children().eq(0).get('.Row-wrapper').not('have.class', 'current');\ncy.get('.Board-container').children().eq(1).get('.Row-wrapper').should('have.class', 'current');",
                  "err": {},
                  "uuid": "560133ed-a84b-4050-a7de-12a2415d5092",
                  "parentUUID": "da573ca0-beb0-4683-9492-f6d3a46a9b3b",
                  "isHook": false,
                  "skipped": false
                },
                {
                  "title": "4-2 Green rendered correctly (only one line)",
                  "fullTitle": "Hack#1 Public Test Problem 4 4-2 Green rendered correctly (only one line)",
                  "timedOut": null,
                  "duration": 4477,
                  "state": "failed",
                  "speed": null,
                  "pass": false,
                  "fail": true,
                  "pending": false,
                  "context": null,
                  "code": "const test = ['m', 'a', 'n', 'a', 's', 'enter'];\nconst answer = ['green', 'grey', 'green', 'grey', 'green'];\nfor (let i = 0; i < test.length; i += 1) {\n  cy.get('body').type(`{${test[i]}}`);\n}\ncy.get('.Board-container > .Row-container > .Row-wrapper').eq(0).children().each(($el, index) => {\n  cy.wrap($el).should('have.class', answer[index]).and('have.text', test[index]);\n});",
                  "err": {
                    "message": "AssertionError: Timed out retrying after 4000ms: expected '<div>' to have class 'green'",
                    "estack": "AssertionError: Timed out retrying after 4000ms: expected '<div>' to have class 'green'\n    at Context.eval (webpack:///./cypress/e2e/public.cy.js:147:29)",
                    "diff": null
                  },
                  "uuid": "b31615fe-b002-418c-ae60-3ec1d652b1e1",
                  "parentUUID": "da573ca0-beb0-4683-9492-f6d3a46a9b3b",
                  "isHook": false,
                  "skipped": false
                },
                {
                  "title": "4-3 Green and yellow rendered correctly (only one line)",
                  "fullTitle": "Hack#1 Public Test Problem 4 4-3 Green and yellow rendered correctly (only one line)",
                  "timedOut": null,
                  "duration": 4473,
                  "state": "failed",
                  "speed": null,
                  "pass": false,
                  "fail": true,
                  "pending": false,
                  "context": null,
                  "code": "const test = ['a', 'i', 'u', 'b', 'm', 'enter'];\nconst answer = ['grey', 'green', 'yellow', 'grey', 'yellow'];\nfor (let i = 0; i < test.length; i += 1) {\n  cy.get('body').type(`{${test[i]}}`);\n}\ncy.get('.Board-container > .Row-container > .Row-wrapper').eq(0).children().each(($el, index) => {\n  cy.wrap($el).should('have.class', answer[index]).and('have.text', test[index]);\n});",
                  "err": {
                    "message": "AssertionError: Timed out retrying after 4000ms: expected '<div>' to have class 'grey'",
                    "estack": "AssertionError: Timed out retrying after 4000ms: expected '<div>' to have class 'grey'\n    at Context.eval (webpack:///./cypress/e2e/public.cy.js:159:29)",
                    "diff": null
                  },
                  "uuid": "15ed7b85-b935-4771-a692-8d67446f5ebf",
                  "parentUUID": "da573ca0-beb0-4683-9492-f6d3a46a9b3b",
                  "isHook": false,
                  "skipped": false
                },
                {
                  "title": "4-4 Multiple Lines Test",
                  "fullTitle": "Hack#1 Public Test Problem 4 4-4 Multiple Lines Test",
                  "timedOut": null,
                  "duration": 6099,
                  "state": "failed",
                  "speed": null,
                  "pass": false,
                  "fail": true,
                  "pending": false,
                  "context": null,
                  "code": "const tests = [['z', 'x', 'c', 'v', 'b', 'enter'], ['m', 'a', 'b', 'c', 'u', 'enter'], ['b', 'a', 'n', 'f', 's', 'enter'], ['m', 'u', 'n', 'a', 's', 'enter'], ['m', 'i', 'n', 'u', 's', 'enter']];\nconst answers = [['grey', 'grey', 'grey', 'grey', 'grey'], ['green', 'grey', 'grey', 'grey', 'yellow'], ['grey', 'grey', 'green', 'grey', 'green'], ['green', 'yellow', 'green', 'grey', 'green'], ['green', 'green', 'green', 'green', 'green']];\nfor (let line = 0; line < tests.length; line += 1) {\n  for (let i = 0; i < tests[0].length; i += 1) {\n    cy.get('body').type(`{${tests[line][i]}}`);\n  }\n}\ncy.get('.Board-container').children().each(($el, line) => {\n  if (line < answers.length) {\n    cy.wrap($el).children().eq(0).children().each(($el, i) => {\n      cy.wrap($el).should('have.text', tests[line][i]).should('have.class', answers[line][i]).should('have.id', line + '-' + i);\n    });\n  }\n});",
                  "err": {
                    "message": "AssertionError: Timed out retrying after 4000ms: expected '<div>' to have text 'z', but the text was 'zxcvb'",
                    "estack": "AssertionError: Timed out retrying after 4000ms: expected '<div>' to have text 'z', but the text was 'zxcvb'\n    at Context.eval (webpack:///./cypress/e2e/public.cy.js:191:25)",
                    "diff": "- 'zxcvb'\n+ 'z'\n"
                  },
                  "uuid": "748f4317-ad61-4201-94da-a020c022419f",
                  "parentUUID": "da573ca0-beb0-4683-9492-f6d3a46a9b3b",
                  "isHook": false,
                  "skipped": false
                }
              ],
              "suites": [],
              "passes": [
                "560133ed-a84b-4050-a7de-12a2415d5092"
              ],
              "failures": [
                "b31615fe-b002-418c-ae60-3ec1d652b1e1",
                "15ed7b85-b935-4771-a692-8d67446f5ebf",
                "748f4317-ad61-4201-94da-a020c022419f"
              ],
              "pending": [],
              "skipped": [],
              "duration": 15525,
              "root": false,
              "rootEmpty": false,
              "_timeout": 2000
            },
            {
              "uuid": "55f9e47b-77da-4a25-9a5a-b4f09f711dec",
              "title": "Problem 5",
              "fullFile": "",
              "file": "",
              "beforeHooks": [],
              "afterHooks": [],
              "tests": [
                {
                  "title": "5-1 Render green correctly",
                  "fullTitle": "Hack#1 Public Test Problem 5 5-1 Render green correctly",
                  "timedOut": null,
                  "duration": 487,
                  "state": "passed",
                  "speed": "fast",
                  "pass": true,
                  "fail": false,
                  "pending": false,
                  "context": null,
                  "code": "const test = ['m', 'a', 'n', 'b', 'c', 'enter'];\nfor (let i = 0; i < test.length; i += 1) {\n  cy.get('body').type(`{${test[i]}}`);\n}\ncy.get('.Keyboard-container > .Keyboard-row > #char_n').should('have.class', 'green').and('have.text', 'n');\ncy.get('.Keyboard-container > .Keyboard-row > #char_m').should('have.class', 'green').and('have.text', 'm');\ncy.get('.Keyboard-container > .Keyboard-row > #char_a').should('have.text', 'a').not('have.class', 'green').not('have.class', 'yellow');\ncy.get('.Keyboard-container > .Keyboard-row > #char_b').should('have.text', 'b').not('have.class', 'green').not('have.class', 'yellow');\ncy.get('.Keyboard-container > .Keyboard-row > #char_c').should('have.text', 'c').not('have.class', 'green').not('have.class', 'yellow');",
                  "err": {},
                  "uuid": "7a2204ce-b8eb-4a65-b82e-afe9881b41c1",
                  "parentUUID": "55f9e47b-77da-4a25-9a5a-b4f09f711dec",
                  "isHook": false,
                  "skipped": false
                },
                {
                  "title": "5-2 Multiple Lines",
                  "fullTitle": "Hack#1 Public Test Problem 5 5-2 Multiple Lines",
                  "timedOut": null,
                  "duration": 3187,
                  "state": "passed",
                  "speed": "fast",
                  "pass": true,
                  "fail": false,
                  "pending": false,
                  "context": null,
                  "code": "const tests = [['a', 'b', 'c', 'e', 'f', 'enter'], ['n', 'b', 'c', 'e', 'f', 'enter'], ['m', 'n', 'c', 'e', 'f', 'enter'], ['m', 'u', 'n', 'e', 'f', 'enter'], ['m', 'u', 'n', 's', 'i', 'enter'], ['a', 'b', 'c', 'e', 'f', 'enter']]; // key match with \"w i n d y\"\nconst key_match = [['', '', '', '', ''], ['', '', 'yellow', '', ''], ['green', '', 'yellow', '', ''], ['green', '', 'green', 'yellow', ''], ['green', 'yellow', 'green', 'yellow', 'yellow'], ['green', 'yellow', 'green', 'yellow', 'yellow']];\nfor (let line = 0; line < tests.length; line += 1) {\n  for (let i = 0; i < tests[0].length; i += 1) {\n    cy.get('body').type(`{${tests[line][i]}}`);\n  }\n  for (let i = 0; i < KBrow_1.length; i++) {\n    if (!solList.includes(KBrow_1[i])) {\n      cy.get('.Keyboard-container > #KBrow_1 > #char_' + KBrow_1[i]).should('have.text', KBrow_1[i]).not('have.class', 'green').not('have.class', 'yellow');\n    } else {\n      if (key_match[line][solList.indexOf(KBrow_1[i])]) {\n        cy.get('.Keyboard-container > #KBrow_1 > #char_' + KBrow_1[i]).should('have.text', KBrow_1[i]).and('have.class', key_match[line][solList.indexOf(KBrow_1[i])]);\n      } else {\n        cy.get('.Keyboard-container > #KBrow_1 > #char_' + KBrow_1[i]).should('have.text', KBrow_1[i]).not('have.class', 'green').not('have.class', 'yellow');\n      }\n    }\n  }\n  for (let i = 0; i < KBrow_2.length; i++) {\n    if (!solList.includes(KBrow_2[i])) {\n      cy.get('.Keyboard-container > #KBrow_2 > #char_' + KBrow_2[i]).should('have.text', KBrow_2[i]).not('have.class', 'green').not('have.class', 'yellow');\n    } else {\n      if (key_match[line][solList.indexOf(KBrow_2[i])]) {\n        cy.get('.Keyboard-container > #KBrow_2 > #char_' + KBrow_2[i]).should('have.text', KBrow_2[i]).and('have.class', key_match[line][solList.indexOf(KBrow_2[i])]);\n      } else {\n        cy.get('.Keyboard-container > #KBrow_2 > #char_' + KBrow_2[i]).should('have.text', KBrow_2[i]).not('have.class', 'green').not('have.class', 'yellow');\n      }\n    }\n  }\n  for (let i = 0; i < KBrow_3.length; i++) {\n    if (!solList.includes(KBrow_3[i])) {\n      cy.get('.Keyboard-container > #KBrow_3 > #char_' + KBrow_3[i]).should('have.text', KBrow_3[i]).not('have.class', 'green').not('have.class', 'yellow');\n    } else {\n      if (key_match[line][solList.indexOf(KBrow_3[i])]) {\n        cy.get('.Keyboard-container > #KBrow_3 > #char_' + KBrow_3[i]).should('have.text', KBrow_3[i]).and('have.class', key_match[line][solList.indexOf(KBrow_3[i])]);\n      } else {\n        cy.get('.Keyboard-container > #KBrow_3 > #char_' + KBrow_3[i]).should('have.text', KBrow_3[i]).not('have.class', 'green').not('have.class', 'yellow');\n      }\n    }\n  }\n}",
                  "err": {},
                  "uuid": "6ed06933-e2f9-4c58-8ba7-293c97dbf073",
                  "parentUUID": "55f9e47b-77da-4a25-9a5a-b4f09f711dec",
                  "isHook": false,
                  "skipped": false
                }
              ],
              "suites": [],
              "passes": [
                "7a2204ce-b8eb-4a65-b82e-afe9881b41c1",
                "6ed06933-e2f9-4c58-8ba7-293c97dbf073"
              ],
              "failures": [],
              "pending": [],
              "skipped": [],
              "duration": 3674,
              "root": false,
              "rootEmpty": false,
              "_timeout": 2000
            },
            {
              "uuid": "9a9d6919-61ea-4f50-96b6-ca7966ad0e7d",
              "title": "Problem 6",
              "fullFile": "",
              "file": "",
              "beforeHooks": [],
              "afterHooks": [],
              "tests": [
                {
                  "title": "6-1 Show winning info",
                  "fullTitle": "Hack#1 Public Test Problem 6 6-1 Show winning info",
                  "timedOut": null,
                  "duration": 2070,
                  "state": "passed",
                  "speed": "fast",
                  "pass": true,
                  "fail": false,
                  "pending": false,
                  "context": null,
                  "code": "const tests = [['a', 'b', 'c', 'e', 'f', 'enter'], ['n', 'b', 'c', 'e', 'f', 'enter'], ['m', 'n', 'c', 'e', 'f', 'enter'], ['m', 'u', 'n', 's', 'i', 'enter'], ['m', 'i', 'n', 'u', 's', 'enter']];\nfor (let line = 0; line < tests.length; line += 1) {\n  for (let i = 0; i < tests[0].length; i += 1) {\n    cy.get('body').type(`{${tests[line][i]}}`);\n  }\n  if (line != tests.length - 1) {\n    cy.get('.Wordle-lose').should('have.class', 'Hidden');\n  }\n}\ncy.get('.Wordle-win').should('have.text', 'You win!!!!');",
                  "err": {},
                  "uuid": "0a7f5364-fdd6-4b73-8252-ff732712d5fb",
                  "parentUUID": "9a9d6919-61ea-4f50-96b6-ca7966ad0e7d",
                  "isHook": false,
                  "skipped": false
                },
                {
                  "title": "6-2 Show losing info",
                  "fullTitle": "Hack#1 Public Test Problem 6 6-2 Show losing info",
                  "timedOut": null,
                  "duration": 2467,
                  "state": "passed",
                  "speed": "fast",
                  "pass": true,
                  "fail": false,
                  "pending": false,
                  "context": null,
                  "code": "const tests = [['a', 'b', 'c', 'e', 'f', 'enter'], ['n', 'b', 'c', 'e', 'f', 'enter'], ['m', 'n', 'c', 'e', 'f', 'enter'], ['m', 'u', 'n', 'e', 'f', 'enter'], ['m', 'u', 'n', 's', 'i', 'enter'], ['a', 'b', 'c', 'e', 'f', 'enter']];\nfor (let line = 0; line < tests.length; line += 1) {\n  for (let i = 0; i < tests[0].length; i += 1) {\n    cy.get('body').type(`{${tests[line][i]}}`);\n  }\n  if (line != tests.length - 1) {\n    cy.get('.Wordle-lose').should('have.class', 'Hidden');\n  }\n}\ncy.get('.Wordle-lose').not('have.class', 'Hidden').should('have.text', 'You lose!!!! The answer is ' + solution + '.');",
                  "err": {},
                  "uuid": "b2b4fcbd-1022-464b-b58f-9d387976eb73",
                  "parentUUID": "9a9d6919-61ea-4f50-96b6-ca7966ad0e7d",
                  "isHook": false,
                  "skipped": false
                }
              ],
              "suites": [],
              "passes": [
                "0a7f5364-fdd6-4b73-8252-ff732712d5fb",
                "b2b4fcbd-1022-464b-b58f-9d387976eb73"
              ],
              "failures": [],
              "pending": [],
              "skipped": [],
              "duration": 4537,
              "root": false,
              "rootEmpty": false,
              "_timeout": 2000
            }
          ],
          "passes": [],
          "failures": [],
          "pending": [],
          "skipped": [],
          "duration": 0,
          "root": false,
          "rootEmpty": false,
          "_timeout": 2000
        }
      ],
      "passes": [],
      "failures": [],
      "pending": [],
      "skipped": [],
      "duration": 0,
      "root": true,
      "rootEmpty": true,
      "_timeout": 2000
    }
  ],
  "meta": {
    "mocha": {
      "version": "7.0.1"
    },
    "mochawesome": {
      "options": {
        "quiet": false,
        "reportFilename": "mochawesome",
        "saveHtml": true,
        "saveJson": true,
        "consoleReporter": "spec",
        "useInlineDiffs": false,
        "code": true
      },
      "version": "7.1.3"
    },
    "marge": {
      "options": {
        "id": "default",
        "reportDir": "cypress/results",
        "overwrite": true,
        "html": true,
        "json": true
      },
      "version": "6.2.0"
    }
  }
}